[P2P (Peer-to-Peer) GPU Bandwidth Latency Test]
Device: 0, NVIDIA A100-SXM-80GB, pciBusID: 1, pciDeviceID: 0, pciDomainID:0
Device: 1, NVIDIA A100-SXM-80GB, pciBusID: 41, pciDeviceID: 0, pciDomainID:0
Device: 2, NVIDIA A100-SXM-80GB, pciBusID: 81, pciDeviceID: 0, pciDomainID:0
Device: 3, NVIDIA A100-SXM-80GB, pciBusID: c1, pciDeviceID: 0, pciDomainID:0
Device=0 CAN Access Peer Device=1
Device=0 CAN Access Peer Device=2
Device=0 CAN Access Peer Device=3
Device=1 CAN Access Peer Device=0
Device=1 CAN Access Peer Device=2
Device=1 CAN Access Peer Device=3
Device=2 CAN Access Peer Device=0
Device=2 CAN Access Peer Device=1
Device=2 CAN Access Peer Device=3
Device=3 CAN Access Peer Device=0
Device=3 CAN Access Peer Device=1
Device=3 CAN Access Peer Device=2

***NOTE: In case a device doesn't have P2P access to other one, it falls back to normal memcopy procedure.
So you can see lesser Bandwidth (GB/s) and unstable Latency (us) in those cases.

P2P Connectivity Matrix
     D\D     0     1     2     3
     0	     1     1     1     1
     1	     1     1     1     1
     2	     1     1     1     1
     3	     1     1     1     1
Unidirectional P2P=Disabled Bandwidth Matrix (GB/s)
   D\D     0      1      2      3 
     0 1533.37  16.42  18.95  17.23 
     1  18.04 1537.89  17.51  18.65 
     2  16.80  18.29 1537.89  18.43 
     3  16.61  18.30  18.89 1539.41 
Unidirectional P2P=Enabled Bandwidth (P2P Writes) Matrix (GB/s)
   D\D     0      1      2      3 
     0 1540.93  93.44  93.30  93.46 
     1  93.50 1550.10  93.48  93.38 
     2  93.22  93.50 1556.27  93.49 
     3  93.45  93.19  93.47 1554.73 
Unidirectional P2P=Enabled Bandwidth (P2P Reads) Matrix (GB/s)
   D\D     0      1      2      3 
     0 1533.37  93.02  92.71  92.91 
     1  92.99 1542.45  93.01  92.90 
     2  92.82  92.92 1537.89  93.13 
     3  93.01  92.82  92.92 1528.86 
Bidirectional P2P=Disabled Bandwidth Matrix (GB/s)
   D\D     0      1      2      3 
     0 1322.47  17.70  19.80  19.97 
     1  17.97 1555.50  19.86  19.78 
     2  19.23  19.79 1552.41  20.19 
     3  18.72  19.23  20.12 1556.27 
Bidirectional P2P=Enabled Bandwidth Matrix (GB/s)
   D\D     0      1      2      3 
     0 1489.51 185.30 184.71 185.08 
     1 185.02 1553.18 185.06 184.84 
     2 184.56 185.25 1553.95 185.06 
     3 185.13 184.13 185.24 1552.41 
P2P=Disabled Latency Matrix (us)
   GPU     0      1      2      3 
     0   2.90  29.28  20.48  20.39 
     1  20.11   3.04  20.46  20.34 
     2  20.18  20.51   2.98  20.43 
     3  20.52  20.43  20.51   3.00 

   CPU     0      1      2      3 
     0   2.98   9.60   7.89   7.83 
     1   9.56   2.95   7.83   7.80 
     2   8.42   8.46   2.37   6.61 
     3   8.48   8.40   6.61   2.35 
P2P=Enabled Latency (P2P Writes) Matrix (us)
   GPU     0      1      2      3 
     0   2.90   2.67   2.66   2.64 
     1   2.62   3.02   2.63   2.64 
     2   2.88   2.84   3.06   2.84 
     3   2.81   2.81   2.82   3.06 

   CPU     0      1      2      3 
     0   3.13   2.44   2.50   2.51 
     1   2.70   3.07   2.52   2.61 
     2   1.99   1.92   2.53   1.94 
     3   1.98   1.94   1.93   2.51 
P2P=Enabled Latency (P2P Reads) Matrix (us)
   GPU     0      1      2      3 
     0   2.89  12.55  11.64  11.46 
     1  12.57   3.03  11.54  11.63 
     2  12.64  12.64   2.99  11.54 
     3  12.73  12.82  11.71   3.00 

   CPU     0      1      2      3 
     0   3.11   6.29   4.68   4.66 
     1   6.56   3.06   4.64   4.86 
     2   6.53   6.43   2.60   4.79 
     3   6.58   6.50   4.82   2.69 

NOTE: The CUDA Samples are not meant for performance measurements. Results may vary when GPU Boost is enabled.
