nvcc warning : The 'compute_20', 'sm_20', and 'sm_21' architectures are deprecated, and may be removed in a future release (Use -Wno-deprecated-gpu-targets to suppress warning).
[P2P (Peer-to-Peer) GPU Bandwidth Latency Test]
Device: 0, Tesla P100-PCIE-16GB, pciBusID: 4, pciDeviceID: 0, pciDomainID:0
Device: 1, Tesla P100-PCIE-16GB, pciBusID: 5, pciDeviceID: 0, pciDomainID:0
Device: 2, Tesla P100-PCIE-16GB, pciBusID: 6, pciDeviceID: 0, pciDomainID:0
Device: 3, Tesla P100-PCIE-16GB, pciBusID: 7, pciDeviceID: 0, pciDomainID:0
Device=0 CAN Access Peer Device=1
Device=0 CAN Access Peer Device=2
Device=0 CAN Access Peer Device=3
Device=1 CAN Access Peer Device=0
Device=1 CAN Access Peer Device=2
Device=1 CAN Access Peer Device=3
Device=2 CAN Access Peer Device=0
Device=2 CAN Access Peer Device=1
Device=2 CAN Access Peer Device=3
Device=3 CAN Access Peer Device=0
Device=3 CAN Access Peer Device=1
Device=3 CAN Access Peer Device=2

***NOTE: In case a device doesn't have P2P access to other one, it falls back to normal memcopy procedure.
So you can see lesser Bandwidth (GB/s) and unstable Latency (us) in those cases.

P2P Connectivity Matrix
     D\D     0     1     2     3
     0	     1     1     1     1
     1	     1     1     1     1
     2	     1     1     1     1
     3	     1     1     1     1
Unidirectional P2P=Disabled Bandwidth Matrix (GB/s)
   D\D     0      1      2      3 
     0 519.38  10.18  10.10  10.14 
     1  10.27 519.13  10.23  10.23 
     2  10.25  10.30 519.08  10.22 
     3  10.27  10.27  10.22 518.87 
Unidirectional P2P=Enabled Bandwidth (P2P Writes) Matrix (GB/s)
   D\D     0      1      2      3 
     0 518.55  13.19  13.19  13.19 
     1  13.19 518.49  13.19  13.19 
     2  13.19  13.19 519.08  13.19 
     3  13.19  13.20  13.20 519.46 
Unidirectional P2P=Enabled Bandwidth (P2P Reads) Matrix (GB/s)
   D\D     0      1      2      3 
     0 518.57  13.17  13.16  13.17 
     1  13.17 518.37  13.17  13.17 
     2  13.17  13.17 518.40  13.17 
     3  13.17  13.17  13.17 518.84 
Bidirectional P2P=Disabled Bandwidth Matrix (GB/s)
   D\D     0      1      2      3 
     0 518.91  10.59  10.55  10.61 
     1  10.57 519.23  10.59  10.61 
     2  10.57  10.59 520.03  10.57 
     3  10.58  10.53  10.52 520.05 
Bidirectional P2P=Enabled Bandwidth Matrix (GB/s)
   D\D     0      1      2      3 
     0 519.25  25.04  25.04  25.04 
     1  25.05 519.48  25.04  25.05 
     2  25.05  25.05 519.69  25.04 
     3  25.05  25.06  25.06 519.72 
P2P=Disabled Latency Matrix (us)
   GPU     0      1      2      3 
     0   1.84  11.94  12.40  12.20 
     1  11.44   1.83  12.57  12.01 
     2  11.36  11.76   1.84  11.45 
     3  11.79  12.27  11.95   1.85 

   CPU     0      1      2      3 
     0   2.70   6.43   6.20   6.14 
     1   6.23   2.59   6.25   6.05 
     2   6.22   6.19   2.60   6.11 
     3   6.24   6.14   6.34   2.56 
P2P=Enabled Latency (P2P Writes) Matrix (us)
   GPU     0      1      2      3 
     0   1.83   1.37   1.34   1.35 
     1   1.34   1.83   1.32   1.35 
     2   1.34   1.38   1.84   1.38 
     3   1.34   1.35   1.34   1.85 

   CPU     0      1      2      3 
     0   2.75   2.06   2.10   2.00 
     1   2.05   2.73   2.01   2.07 
     2   2.64   2.01   2.68   2.00 
     3   2.16   2.12   2.08   2.67 
P2P=Enabled Latency (P2P Reads) Matrix (us)
   GPU     0      1      2      3 
     0   1.84   5.59   7.32   5.93 
     1   7.62   1.84  10.22   7.62 
     2   9.61   8.65   1.84   8.40 
     3   9.43   8.14   9.41   1.85 

   CPU     0      1      2      3 
     0   2.60   4.14   4.40   4.33 
     1   4.38   2.63   4.40   4.35 
     2   4.24   4.19   2.60   4.29 
     3   4.37   4.27   4.34   2.72 

NOTE: The CUDA Samples are not meant for performance measurements. Results may vary when GPU Boost is enabled.
