[P2P (Peer-to-Peer) GPU Bandwidth Latency Test]
Device: 0, NVIDIA A100-SXM-80GB, pciBusID: 1, pciDeviceID: 0, pciDomainID:0
Device: 1, NVIDIA A100-SXM-80GB, pciBusID: 41, pciDeviceID: 0, pciDomainID:0
Device: 2, NVIDIA A100-SXM-80GB, pciBusID: 81, pciDeviceID: 0, pciDomainID:0
Device: 3, NVIDIA A100-SXM-80GB, pciBusID: c1, pciDeviceID: 0, pciDomainID:0
Device=0 CAN Access Peer Device=1
Device=0 CAN Access Peer Device=2
Device=0 CAN Access Peer Device=3
Device=1 CAN Access Peer Device=0
Device=1 CAN Access Peer Device=2
Device=1 CAN Access Peer Device=3
Device=2 CAN Access Peer Device=0
Device=2 CAN Access Peer Device=1
Device=2 CAN Access Peer Device=3
Device=3 CAN Access Peer Device=0
Device=3 CAN Access Peer Device=1
Device=3 CAN Access Peer Device=2

***NOTE: In case a device doesn't have P2P access to other one, it falls back to normal memcopy procedure.
So you can see lesser Bandwidth (GB/s) and unstable Latency (us) in those cases.

P2P Connectivity Matrix
     D\D     0     1     2     3
     0	     1     1     1     1
     1	     1     1     1     1
     2	     1     1     1     1
     3	     1     1     1     1
Unidirectional P2P=Disabled Bandwidth Matrix (GB/s)
   D\D     0      1      2      3 
     0 1532.19  18.46  17.72  18.42 
     1  18.23 1543.54  16.68  18.49 
     2  17.08  18.47 1528.26  18.22 
     3  17.02  18.47  16.51 1539.98 
Unidirectional P2P=Enabled Bandwidth (P2P Writes) Matrix (GB/s)
   D\D     0      1      2      3 
     0 1536.33  93.45  93.32  93.48 
     1  93.52 1427.84  93.49  93.31 
     2  93.22  93.48 1543.07  93.49 
     3  93.54  93.25  93.43 1556.37 
Bidirectional P2P=Disabled Bandwidth Matrix (GB/s)
   D\D     0      1      2      3 
     0 1547.94  20.11  18.64  24.76 
     1  19.93 1559.77  18.71  22.27 
     2  19.79  19.68 1558.36  25.11 
     3  21.15  24.52  24.35 1562.57 
Bidirectional P2P=Enabled Bandwidth Matrix (GB/s)
   D\D     0      1      2      3 
     0 1552.46 185.17 184.74 185.27 
     1 185.00 1563.67 185.11 184.94 
     2 184.79 185.24 1509.75 185.24 
     3 185.01 184.71 185.15 1552.26 
P2P=Disabled Latency Matrix (us)
   GPU     0      1      2      3 
     0   3.07  30.55  19.89  20.88 
     1  20.08   2.76  20.53  19.30 
     2  20.30  20.06   2.93  20.80 
     3  20.52  20.52  20.53   2.89 

   CPU     0      1      2      3 
     0   3.15   7.43   9.08   9.77 
     1   7.38   2.39   8.37   8.99 
     2   8.50   7.63   2.97  10.05 
     3   9.36   8.36  10.08   3.61 
P2P=Enabled Latency (P2P Writes) Matrix (us)
   GPU     0      1      2      3 
     0   3.01   3.00   4.54   2.64 
     1   2.65   2.77   2.65   2.63 
     2   2.87   2.75   2.99   2.80 
     3   2.80   2.81   2.85   2.86 

   CPU     0      1      2      3 
     0   3.07   3.18   2.17   2.16 
     1   1.96   2.46   1.88   1.91 
     2   2.56   2.49   3.09   2.49 
     3   2.94   2.83   2.78   3.59 

NOTE: The CUDA Samples are not meant for performance measurements. Results may vary when GPU Boost is enabled.
